2026-02-07 12:35:11,761 - INFO - ============================================================
2026-02-07 12:35:11,761 - INFO - 開始抓取新聞...
2026-02-07 12:35:11,761 - INFO - ============================================================
2026-02-07 12:35:11,762 - INFO - 正在抓取 Unwire.hk...
2026-02-07 12:35:11,762 - INFO - 正在抓取 New MobileLife...
2026-02-07 12:35:11,762 - INFO - 正在抓取 HolidaySmart...
2026-02-07 12:35:11,895 - INFO - ✓ Unwire.hk 成功抓取 15 篇文章
2026-02-07 12:35:11,937 - INFO - ✓ HolidaySmart 成功抓取 10 篇文章
2026-02-07 12:35:11,948 - INFO - ✓ New MobileLife 成功抓取 15 篇文章
2026-02-07 12:35:11,949 - INFO - ============================================================
2026-02-07 12:35:11,949 - INFO - ✓ 完成！共抓取 40 篇新聞
2026-02-07 12:35:11,949 - INFO - ✓ 執行時間: 0.19 秒
2026-02-07 12:35:11,949 - INFO - ✓ 已保存到 news.json
2026-02-07 12:35:11,949 - INFO - ✓ 已保存摘要到 news_summary.txt
2026-02-07 12:35:11,949 - INFO - ============================================================
2026-02-07 12:36:35,252 - INFO - ============================================================
2026-02-07 12:36:35,253 - INFO - 開始抓取新聞...
2026-02-07 12:36:35,253 - INFO - ============================================================
2026-02-07 12:36:35,253 - INFO - 正在抓取 Unwire.hk...
2026-02-07 12:36:35,253 - INFO - 正在抓取 HolidaySmart...
2026-02-07 12:36:35,253 - INFO - 正在抓取 New MobileLife...
2026-02-07 12:36:35,386 - INFO - ✓ Unwire.hk 成功抓取 15 篇文章
2026-02-07 12:36:35,432 - INFO - ✓ HolidaySmart 成功抓取 10 篇文章
2026-02-07 12:36:35,443 - INFO - ✓ New MobileLife 成功抓取 15 篇文章
2026-02-07 12:36:35,444 - INFO - ============================================================
2026-02-07 12:36:35,444 - INFO - ✓ 完成！共抓取 40 篇新聞
2026-02-07 12:36:35,444 - INFO - ✓ 執行時間: 0.19 秒
2026-02-07 12:36:35,444 - INFO - ✓ 已保存到 news.json
2026-02-07 12:36:35,445 - INFO - ✓ 已保存摘要到 news_summary.txt
2026-02-07 12:36:35,445 - INFO - ============================================================
2026-02-07 12:49:34,312 - INFO - ============================================================
2026-02-07 12:49:34,312 - INFO - 開始抓取新聞...
2026-02-07 12:49:34,312 - INFO - ============================================================
2026-02-07 12:49:34,313 - INFO - 正在抓取 Unwire.hk...
2026-02-07 12:49:34,313 - INFO - 正在抓取 HolidaySmart...
2026-02-07 12:49:34,313 - INFO - 正在抓取 New MobileLife...
2026-02-07 12:49:34,434 - INFO - ✓ Unwire.hk 成功抓取 15 篇文章
2026-02-07 12:49:34,479 - INFO - ✓ HolidaySmart 成功抓取 10 篇文章
2026-02-07 12:49:34,490 - INFO - ✓ New MobileLife 成功抓取 15 篇文章
2026-02-07 12:49:34,490 - INFO - ============================================================
2026-02-07 12:49:34,490 - INFO - ✓ 完成！共抓取 40 篇新聞
2026-02-07 12:49:34,490 - INFO - ✓ 執行時間: 0.18 秒
2026-02-07 12:49:34,491 - INFO - ✓ 已保存到 news.json
2026-02-07 12:49:34,491 - INFO - ✓ 已保存摘要到 news_summary.txt
2026-02-07 12:49:34,491 - INFO - ============================================================
2026-02-07 17:55:16,943 - INFO - ============================================================
2026-02-07 17:55:16,944 - INFO - 開始抓取新聞...
2026-02-07 17:55:16,944 - INFO - ============================================================
2026-02-07 17:55:16,945 - INFO - 正在抓取 Unwire.hk...
2026-02-07 17:55:16,945 - INFO - 正在抓取 New MobileLife...
2026-02-07 17:55:16,946 - INFO - 正在抓取 HolidaySmart...
2026-02-07 17:55:17,103 - INFO - ✓ Unwire.hk 成功抓取 15 篇文章
2026-02-07 17:55:17,148 - INFO - ✓ HolidaySmart 成功抓取 15 篇文章
2026-02-07 17:55:17,149 - ERROR - ✗ New MobileLife 無法獲取頁面內容
2026-02-07 17:55:17,149 - INFO - ============================================================
2026-02-07 17:55:17,149 - INFO - ✓ 完成！共抓取 30 篇新聞
2026-02-07 17:55:17,149 - INFO - ✓ 執行時間: 0.21 秒
2026-02-07 17:55:17,150 - INFO - ✓ 已保存到 news.json
2026-02-07 17:55:17,150 - INFO - ✓ 已保存摘要到 news_summary.txt
2026-02-07 17:55:17,150 - INFO - ============================================================
2026-02-07 18:11:30,962 - INFO - ============================================================
2026-02-07 18:11:30,963 - INFO - 開始抓取新聞...
2026-02-07 18:11:30,963 - INFO - ============================================================
2026-02-07 18:11:30,963 - INFO - 正在抓取 Unwire.hk...
2026-02-07 18:11:30,963 - INFO - 正在抓取 HolidaySmart...
2026-02-07 18:11:30,963 - INFO - 正在抓取 New MobileLife...
2026-02-07 18:11:31,092 - INFO - ✓ Unwire.hk 成功抓取 15 篇文章
2026-02-07 18:11:31,123 - INFO - ✓ HolidaySmart 成功抓取 15 篇文章
2026-02-07 18:11:31,123 - WARNING - New MobileLife 主頁面無法獲取，嘗試備用頁面: https://www.newmobilelife.com/latest-posts/
2026-02-07 18:11:31,314 - ERROR - ✗ New MobileLife 無法獲取頁面內容
2026-02-07 18:11:31,314 - INFO - ============================================================
2026-02-07 18:11:31,315 - INFO - ✓ 完成！共抓取 30 篇新聞
2026-02-07 18:11:31,315 - INFO - ✓ 執行時間: 0.35 秒
2026-02-07 18:11:31,315 - INFO - ✓ 已保存到 news.json
2026-02-07 18:11:31,316 - INFO - ✓ 已保存摘要到 news_summary.txt
2026-02-07 18:11:31,316 - INFO - ============================================================
2026-02-07 18:12:13,225 - INFO - ============================================================
2026-02-07 18:12:13,225 - INFO - 開始抓取新聞...
2026-02-07 18:12:13,225 - INFO - ============================================================
2026-02-07 18:12:13,225 - INFO - 正在抓取 Unwire.hk...
2026-02-07 18:12:13,226 - INFO - 正在抓取 New MobileLife...
2026-02-07 18:12:13,226 - INFO - 正在抓取 HolidaySmart...
2026-02-07 18:12:13,348 - INFO - ✓ Unwire.hk 成功抓取 15 篇文章
2026-02-07 18:12:13,388 - INFO - ✓ HolidaySmart 成功抓取 15 篇文章
2026-02-07 18:12:13,388 - WARNING - New MobileLife 主頁面無法獲取，嘗試備用頁面: https://www.newmobilelife.com/最新文章/
2026-02-07 18:12:13,505 - INFO - ✓ New MobileLife 成功抓取 15 篇文章
2026-02-07 18:12:13,506 - INFO - ============================================================
2026-02-07 18:12:13,506 - INFO - ✓ 完成！共抓取 45 篇新聞
2026-02-07 18:12:13,506 - INFO - ✓ 執行時間: 0.28 秒
2026-02-07 18:12:13,507 - INFO - ✓ 已保存到 news.json
2026-02-07 18:12:13,507 - INFO - ✓ 已保存摘要到 news_summary.txt
2026-02-07 18:12:13,507 - INFO - ============================================================
2026-02-07 18:29:18,703 - INFO - ============================================================
2026-02-07 18:29:18,704 - INFO - 開始抓取新聞...
2026-02-07 18:29:18,704 - INFO - ============================================================
2026-02-07 18:29:18,704 - INFO - 正在抓取 Unwire.hk...
2026-02-07 18:29:18,704 - INFO - 正在抓取 HolidaySmart...
2026-02-07 18:29:18,704 - INFO - 正在抓取 NewMobileLife...
2026-02-07 18:29:18,850 - INFO - ✓ Unwire.hk 成功抓取 15 篇文章
2026-02-07 18:29:18,876 - INFO - ✓ HolidaySmart 成功抓取 15 篇文章
2026-02-07 18:29:18,876 - WARNING - NewMobileLife 主頁面無法獲取，嘗試備用頁面: https://www.newmobilelife.com/最新文章/
2026-02-07 18:29:19,205 - INFO - ✓ NewMobileLife 成功抓取 15 篇文章
2026-02-07 18:29:19,206 - INFO - ============================================================
2026-02-07 18:29:19,206 - INFO - ✓ 完成！共抓取 45 篇新聞
2026-02-07 18:29:19,206 - INFO - ✓ 執行時間: 0.50 秒
2026-02-07 18:29:19,206 - INFO - ✓ 已保存到 news.json
2026-02-07 18:29:19,207 - INFO - ✓ 已保存摘要到 news_summary.txt
2026-02-07 18:29:19,207 - INFO - ============================================================
